  Bank.cpp
F:\Google\GoogleDrive\Projects\BankSystem\Client.h(8,6): error C2143: синтаксическая ошибка: отсутствие ";" перед "*"
F:\Google\GoogleDrive\Projects\BankSystem\Client.h(8,6): error C4430: отсутствует спецификатор типа - предполагается int. Примечание. C++ не поддерживает int по умолчанию
F:\Google\GoogleDrive\Projects\BankSystem\Client.h(8,13): error C2238: непредвиденные лексемы перед ";"
F:\Google\GoogleDrive\Projects\BankSystem\Client.h(14,67): error C2061: синтаксическая ошибка: идентификатор "Bank"
F:\Google\GoogleDrive\Projects\BankSystem\Bank.cpp(15,58): error C2661: Client::Client: нет перегруженной функции, принимающей 3 аргументов
  BankSystem.cpp
  Client.cpp
F:\Google\GoogleDrive\Projects\BankSystem\Bank.h(13,23): error C2061: синтаксическая ошибка: идентификатор "Client"
F:\Google\GoogleDrive\Projects\BankSystem\Bank.h(15,26): error C2061: синтаксическая ошибка: идентификатор "Client"
F:\Google\GoogleDrive\Projects\BankSystem\Bank.h(21,8): error C2143: синтаксическая ошибка: отсутствие ";" перед "*"
F:\Google\GoogleDrive\Projects\BankSystem\Bank.h(21,8): error C4430: отсутствует спецификатор типа - предполагается int. Примечание. C++ не поддерживает int по умолчанию
F:\Google\GoogleDrive\Projects\BankSystem\Bank.h(21,30): error C2238: непредвиденные лексемы перед ";"
F:\Google\GoogleDrive\Projects\BankSystem\Bank.h(22,8): error C2143: синтаксическая ошибка: отсутствие ";" перед "*"
F:\Google\GoogleDrive\Projects\BankSystem\Bank.h(22,8): error C4430: отсутствует спецификатор типа - предполагается int. Примечание. C++ не поддерживает int по умолчанию
F:\Google\GoogleDrive\Projects\BankSystem\Bank.h(22,39): error C2238: непредвиденные лексемы перед ";"
F:\Google\GoogleDrive\Projects\BankSystem\Bank.h(30,14): error C2065: Client: необъявленный идентификатор
F:\Google\GoogleDrive\Projects\BankSystem\Bank.h(30,21): error C2059: синтаксическая ошибка: >
  IndividualPerson.cpp
F:\Google\GoogleDrive\Projects\BankSystem\Bank.h(13,23): error C2061: синтаксическая ошибка: идентификатор "Client"
F:\Google\GoogleDrive\Projects\BankSystem\Bank.h(15,26): error C2061: синтаксическая ошибка: идентификатор "Client"
F:\Google\GoogleDrive\Projects\BankSystem\Bank.h(21,8): error C2143: синтаксическая ошибка: отсутствие ";" перед "*"
F:\Google\GoogleDrive\Projects\BankSystem\Bank.h(21,8): error C4430: отсутствует спецификатор типа - предполагается int. Примечание. C++ не поддерживает int по умолчанию
F:\Google\GoogleDrive\Projects\BankSystem\Bank.h(21,30): error C2238: непредвиденные лексемы перед ";"
F:\Google\GoogleDrive\Projects\BankSystem\Bank.h(22,8): error C2143: синтаксическая ошибка: отсутствие ";" перед "*"
F:\Google\GoogleDrive\Projects\BankSystem\Bank.h(22,8): error C4430: отсутствует спецификатор типа - предполагается int. Примечание. C++ не поддерживает int по умолчанию
F:\Google\GoogleDrive\Projects\BankSystem\Bank.h(22,39): error C2238: непредвиденные лексемы перед ";"
F:\Google\GoogleDrive\Projects\BankSystem\Bank.h(30,14): error C2065: Client: необъявленный идентификатор
F:\Google\GoogleDrive\Projects\BankSystem\Bank.h(30,21): error C2059: синтаксическая ошибка: >
  LegalPerson.cpp
F:\Google\GoogleDrive\Projects\BankSystem\Bank.h(13,23): error C2061: синтаксическая ошибка: идентификатор "Client"
F:\Google\GoogleDrive\Projects\BankSystem\Bank.h(15,26): error C2061: синтаксическая ошибка: идентификатор "Client"
F:\Google\GoogleDrive\Projects\BankSystem\Bank.h(21,8): error C2143: синтаксическая ошибка: отсутствие ";" перед "*"
F:\Google\GoogleDrive\Projects\BankSystem\Bank.h(21,8): error C4430: отсутствует спецификатор типа - предполагается int. Примечание. C++ не поддерживает int по умолчанию
F:\Google\GoogleDrive\Projects\BankSystem\Bank.h(21,30): error C2238: непредвиденные лексемы перед ";"
F:\Google\GoogleDrive\Projects\BankSystem\Bank.h(22,8): error C2143: синтаксическая ошибка: отсутствие ";" перед "*"
F:\Google\GoogleDrive\Projects\BankSystem\Bank.h(22,8): error C4430: отсутствует спецификатор типа - предполагается int. Примечание. C++ не поддерживает int по умолчанию
F:\Google\GoogleDrive\Projects\BankSystem\Bank.h(22,39): error C2238: непредвиденные лексемы перед ";"
F:\Google\GoogleDrive\Projects\BankSystem\Bank.h(30,14): error C2065: Client: необъявленный идентификатор
F:\Google\GoogleDrive\Projects\BankSystem\Bank.h(30,21): error C2059: синтаксическая ошибка: >
